<?xml version="1.0" encoding="UTF-8"?>
<!-- Generated by org.testng.reporters.JUnitXMLReporter -->
<testsuite ignored="0" hostname="Rohith" failures="0" tests="3" name="Surefire test" time="7.936" errors="0" timestamp="2025-07-31T16:19:04 IST">
  <testcase classname="com.janitri.LoginTest" name="testLoginAndRefresh" time="0.922"/>
  <testcase classname="com.janitri.LoginTest" name="testLoginWithPasswordToggleAndSubmit" time="0.805"/>
  <testcase classname="LoginTest" name="testLoginProcessOnceAndPass" time="0.83"/>
</testsuite> <!-- Surefire test -->
