<?xml version="1.0" encoding="UTF-8"?>
<testng-results ignored="0" total="3" passed="3" failed="0" skipped="0">
  <reporter-output>
  </reporter-output>
  <suite started-at="2025-07-31T16:18:56 IST" name="Surefire suite" finished-at="2025-07-31T16:19:04 IST" duration-ms="7936">
    <groups>
    </groups>
    <test started-at="2025-07-31T16:18:56 IST" name="Surefire test" finished-at="2025-07-31T16:19:04 IST" duration-ms="7936">
      <class name="com.janitri.LoginTest">
        <test-method is-config="true" signature="setUp()[pri:0, instance:com.janitri.LoginTest@48524010]" started-at="2025-07-31T16:18:56 IST" name="setUp" finished-at="2025-07-31T16:18:59 IST" duration-ms="2809" status="PASS">
          <reporter-output>
          </reporter-output>
        </test-method> <!-- setUp -->
        <test-method is-config="true" signature="beforeMethod()[pri:0, instance:com.janitri.LoginTest@48524010]" started-at="2025-07-31T16:18:59 IST" name="beforeMethod" finished-at="2025-07-31T16:18:59 IST" duration-ms="3" status="PASS">
          <reporter-output>
          </reporter-output>
        </test-method> <!-- beforeMethod -->
        <test-method signature="testLoginAndRefresh()[pri:0, instance:com.janitri.LoginTest@48524010]" started-at="2025-07-31T16:18:59 IST" name="testLoginAndRefresh" finished-at="2025-07-31T16:19:00 IST" duration-ms="922" status="PASS">
          <reporter-output>
          </reporter-output>
        </test-method> <!-- testLoginAndRefresh -->
        <test-method is-config="true" signature="beforeMethod()[pri:0, instance:com.janitri.LoginTest@48524010]" started-at="2025-07-31T16:19:00 IST" name="beforeMethod" finished-at="2025-07-31T16:19:00 IST" duration-ms="1" status="PASS">
          <reporter-output>
          </reporter-output>
        </test-method> <!-- beforeMethod -->
        <test-method signature="testLoginWithPasswordToggleAndSubmit()[pri:0, instance:com.janitri.LoginTest@48524010]" started-at="2025-07-31T16:19:00 IST" name="testLoginWithPasswordToggleAndSubmit" finished-at="2025-07-31T16:19:01 IST" duration-ms="805" status="PASS">
          <reporter-output>
          </reporter-output>
        </test-method> <!-- testLoginWithPasswordToggleAndSubmit -->
        <test-method is-config="true" signature="tearDown()[pri:0, instance:com.janitri.LoginTest@48524010]" started-at="2025-07-31T16:19:01 IST" name="tearDown" finished-at="2025-07-31T16:19:01 IST" duration-ms="289" status="PASS">
          <reporter-output>
          </reporter-output>
        </test-method> <!-- tearDown -->
      </class> <!-- com.janitri.LoginTest -->
      <class name="LoginTest">
        <test-method is-config="true" signature="setUp()[pri:0, instance:LoginTest@4b168fa9]" started-at="2025-07-31T16:19:01 IST" name="setUp" finished-at="2025-07-31T16:19:03 IST" duration-ms="2010" status="PASS">
          <reporter-output>
          </reporter-output>
        </test-method> <!-- setUp -->
        <test-method signature="testLoginProcessOnceAndPass()[pri:0, instance:LoginTest@4b168fa9]" started-at="2025-07-31T16:19:03 IST" name="testLoginProcessOnceAndPass" finished-at="2025-07-31T16:19:04 IST" duration-ms="830" status="PASS">
          <reporter-output>
          </reporter-output>
        </test-method> <!-- testLoginProcessOnceAndPass -->
        <test-method is-config="true" signature="tearDown()[pri:0, instance:LoginTest@4b168fa9]" started-at="2025-07-31T16:19:04 IST" name="tearDown" finished-at="2025-07-31T16:19:04 IST" duration-ms="218" status="PASS">
          <reporter-output>
          </reporter-output>
        </test-method> <!-- tearDown -->
      </class> <!-- LoginTest -->
    </test> <!-- Surefire test -->
  </suite> <!-- Surefire suite -->
</testng-results>
